"Severity","ThreadID","Date","Time","Application","Message"
"ERROR","web-0","09/04/2011","11:32:18","","Bean creation exception during init() of com.user
	at railo.runtime.tag.Throw._doStartTag(Throw.java:152):152
	at railo.runtime.tag.Throw.doStartTag(Throw.java:141):141
	at beans.defaultxmlbeanfactory_cfc$cf._call000005(/var/www/coldspring/beans/DefaultXmlBeanFactory.cfc:893):893
	at beans.defaultxmlbeanfactory_cfc$cf.udfCall2(/var/www/coldspring/beans/DefaultXmlBeanFactory.cfc:869):869
	at beans.defaultxmlbeanfactory_cfc$cf.udfCall(/var/www/coldspring/beans/DefaultXmlBeanFactory.cfc):-1
	at railo.runtime.type.UDFImpl.implementation(UDFImpl.java:229):229
	at railo.runtime.type.UDFImpl._call(UDFImpl.java:433):433
	at railo.runtime.type.UDFImpl.call(UDFImpl.java:398):398
	at railo.runtime.util.VariableUtilImpl.callFunctionWithoutNamedValues(VariableUtilImpl.java:738):738
	at railo.runtime.PageContextImpl.getFunction(PageContextImpl.java:1445):1445
	at beans.defaultxmlbeanfactory_cfc$cf.udfCall2(/var/www/coldspring/beans/DefaultXmlBeanFactory.cfc:632):632
	at beans.defaultxmlbeanfactory_cfc$cf.udfCall(/var/www/coldspring/beans/DefaultXmlBeanFactory.cfc):-1
	at railo.runtime.type.UDFImpl.implementation(UDFImpl.java:229):229
	at railo.runtime.type.UDFImpl._call(UDFImpl.java:433):433
	at railo.runtime.type.UDFImpl.call(UDFImpl.java:398):398
	at railo.runtime.ComponentImpl._call(ComponentImpl.java:571):571
	at railo.runtime.ComponentImpl._call(ComponentImpl.java:500):500
	at railo.runtime.ComponentImpl.call(ComponentImpl.java:1742):1742
	at railo.runtime.util.VariableUtilImpl.callFunctionWithoutNamedValues(VariableUtilImpl.java:733):733
	at railo.runtime.PageContextImpl.getFunction(PageContextImpl.java:1445):1445
	at login_cfm$cf.call(/var/www/livewire-cms.com/login.cfm:5):5
	at railo.runtime.PageContextImpl.doInclude(PageContextImpl.java:765):765
	at railo.runtime.listener.ClassicAppListener._onRequest(ClassicAppListener.java:35):35
	at railo.runtime.listener.MixedAppListener.onRequest(MixedAppListener.java:24):24
	at railo.runtime.PageContextImpl.execute(PageContextImpl.java:1980):1980
	at railo.runtime.engine.CFMLEngineImpl.serviceCFML(CFMLEngineImpl.java:281):281
	at railo.loader.servlet.CFMLServlet.service(CFMLServlet.java:32):32
	at javax.servlet.http.HttpServlet.service(HttpServlet.java:717):717
	at org.apache.catalina.core.ApplicationFilterChain.internalDoFilter(ApplicationFilterChain.java:290):290
	at org.apache.catalina.core.ApplicationFilterChain.doFilter(ApplicationFilterChain.java:206):206
	at org.apache.catalina.core.StandardWrapperValve.invoke(StandardWrapperValve.java:233):233
	at org.apache.catalina.core.StandardContextValve.invoke(StandardContextValve.java:191):191
	at org.apache.catalina.core.StandardHostValve.invoke(StandardHostValve.java:127):127
	at org.apache.catalina.valves.ErrorReportValve.invoke(ErrorReportValve.java:102):102
	at org.apache.catalina.core.StandardEngineValve.invoke(StandardEngineValve.java:109):109
	at org.apache.catalina.connector.CoyoteAdapter.service(CoyoteAdapter.java:298):298
	at org.apache.coyote.http11.Http11Processor.process(Http11Processor.java:859):859
	at org.apache.coyote.http11.Http11Protocol$Http11ConnectionHandler.process(Http11Protocol.java:588):588
	at org.apache.tomcat.util.net.JIoEndpoint$Worker.run(JIoEndpoint.java:489):489
	at java.lang.Thread.run(Unknown Source):-1
"
"ERROR","web-0","09/04/2011","11:37:32","","The parameter user to function login is required but was not passed in.
	at railo.runtime.type.UDFImpl.defineArguments(UDFImpl.java:256):256
	at railo.runtime.type.UDFImpl._call(UDFImpl.java:430):430
	at railo.runtime.type.UDFImpl.call(UDFImpl.java:398):398
	at railo.runtime.ComponentImpl._call(ComponentImpl.java:571):571
	at railo.runtime.ComponentImpl._call(ComponentImpl.java:500):500
	at railo.runtime.ComponentImpl.call(ComponentImpl.java:1742):1742
	at railo.runtime.util.VariableUtilImpl.callFunctionWithoutNamedValues(VariableUtilImpl.java:733):733
	at railo.runtime.PageContextImpl.getFunction(PageContextImpl.java:1445):1445
	at login_cfm$cf.call(/var/www/livewire-cms.com/login.cfm:11):11
	at railo.runtime.PageContextImpl.doInclude(PageContextImpl.java:765):765
	at railo.runtime.listener.ClassicAppListener._onRequest(ClassicAppListener.java:35):35
	at railo.runtime.listener.MixedAppListener.onRequest(MixedAppListener.java:24):24
	at railo.runtime.PageContextImpl.execute(PageContextImpl.java:1980):1980
	at railo.runtime.engine.CFMLEngineImpl.serviceCFML(CFMLEngineImpl.java:281):281
	at railo.loader.servlet.CFMLServlet.service(CFMLServlet.java:32):32
	at javax.servlet.http.HttpServlet.service(HttpServlet.java:717):717
	at org.apache.catalina.core.ApplicationFilterChain.internalDoFilter(ApplicationFilterChain.java:290):290
	at org.apache.catalina.core.ApplicationFilterChain.doFilter(ApplicationFilterChain.java:206):206
	at org.apache.catalina.core.StandardWrapperValve.invoke(StandardWrapperValve.java:233):233
	at org.apache.catalina.core.StandardContextValve.invoke(StandardContextValve.java:191):191
	at org.apache.catalina.core.StandardHostValve.invoke(StandardHostValve.java:127):127
	at org.apache.catalina.valves.ErrorReportValve.invoke(ErrorReportValve.java:102):102
	at org.apache.catalina.core.StandardEngineValve.invoke(StandardEngineValve.java:109):109
	at org.apache.catalina.connector.CoyoteAdapter.service(CoyoteAdapter.java:298):298
	at org.apache.coyote.http11.Http11Processor.process(Http11Processor.java:859):859
	at org.apache.coyote.http11.Http11Protocol$Http11ConnectionHandler.process(Http11Protocol.java:588):588
	at org.apache.tomcat.util.net.JIoEndpoint$Worker.run(JIoEndpoint.java:489):489
	at java.lang.Thread.run(Unknown Source):-1
"
"ERROR","web-0","09/04/2011","11:39:33","","Bean creation exception in com.login
	at railo.runtime.tag.Throw._doStartTag(Throw.java:152):152
	at railo.runtime.tag.Throw.doStartTag(Throw.java:141):141
	at beans.beandefinition_cfc$cf.udfCall3(/var/www/coldspring/beans/BeanDefinition.cfc:573):573
	at beans.beandefinition_cfc$cf.udfCall(/var/www/coldspring/beans/BeanDefinition.cfc):-1
	at railo.runtime.type.UDFImpl.implementation(UDFImpl.java:229):229
	at railo.runtime.type.UDFImpl._call(UDFImpl.java:433):433
	at railo.runtime.type.UDFImpl.call(UDFImpl.java:398):398
	at railo.runtime.util.VariableUtilImpl.callFunctionWithoutNamedValues(VariableUtilImpl.java:738):738
	at railo.runtime.PageContextImpl.getFunction(PageContextImpl.java:1445):1445
	at beans.beandefinition_cfc$cf.udfCall3(/var/www/coldspring/beans/BeanDefinition.cfc:384):384
	at beans.beandefinition_cfc$cf.udfCall(/var/www/coldspring/beans/BeanDefinition.cfc):-1
	at railo.runtime.type.UDFImpl.implementation(UDFImpl.java:229):229
	at railo.runtime.type.UDFImpl._call(UDFImpl.java:433):433
	at railo.runtime.type.UDFImpl.call(UDFImpl.java:398):398
	at railo.runtime.ComponentImpl._call(ComponentImpl.java:571):571
	at railo.runtime.ComponentImpl._call(ComponentImpl.java:500):500
	at railo.runtime.ComponentImpl.call(ComponentImpl.java:1742):1742
	at railo.runtime.util.VariableUtilImpl.callFunctionWithoutNamedValues(VariableUtilImpl.java:733):733
	at railo.runtime.PageContextImpl.getFunction(PageContextImpl.java:1445):1445
	at beans.defaultxmlbeanfactory_cfc$cf.udfCall2(/var/www/coldspring/beans/DefaultXmlBeanFactory.cfc:731):731
	at beans.defaultxmlbeanfactory_cfc$cf.udfCall(/var/www/coldspring/beans/DefaultXmlBeanFactory.cfc):-1
	at railo.runtime.type.UDFImpl.implementation(UDFImpl.java:229):229
	at railo.runtime.type.UDFImpl._call(UDFImpl.java:433):433
	at railo.runtime.type.UDFImpl.call(UDFImpl.java:398):398
	at railo.runtime.util.VariableUtilImpl.callFunctionWithoutNamedValues(VariableUtilImpl.java:738):738
	at railo.runtime.PageContextImpl.getFunction(PageContextImpl.java:1445):1445
	at beans.defaultxmlbeanfactory_cfc$cf.udfCall2(/var/www/coldspring/beans/DefaultXmlBeanFactory.cfc:632):632
	at beans.defaultxmlbeanfactory_cfc$cf.udfCall(/var/www/coldspring/beans/DefaultXmlBeanFactory.cfc):-1
	at railo.runtime.type.UDFImpl.implementation(UDFImpl.java:229):229
	at railo.runtime.type.UDFImpl._call(UDFImpl.java:433):433
	at railo.runtime.type.UDFImpl.call(UDFImpl.java:398):398
	at railo.runtime.ComponentImpl._call(ComponentImpl.java:571):571
	at railo.runtime.ComponentImpl._call(ComponentImpl.java:500):500
	at railo.runtime.ComponentImpl.call(ComponentImpl.java:1742):1742
	at railo.runtime.util.VariableUtilImpl.callFunctionWithoutNamedValues(VariableUtilImpl.java:733):733
	at railo.runtime.PageContextImpl.getFunction(PageContextImpl.java:1445):1445
	at login_cfm$cf.call(/var/www/livewire-cms.com/login.cfm:9):9
	at railo.runtime.PageContextImpl.doInclude(PageContextImpl.java:765):765
	at railo.runtime.listener.ClassicAppListener._onRequest(ClassicAppListener.java:35):35
	at railo.runtime.listener.MixedAppListener.onRequest(MixedAppListener.java:24):24
	at railo.runtime.PageContextImpl.execute(PageContextImpl.java:1980):1980
	at railo.runtime.engine.CFMLEngineImpl.serviceCFML(CFMLEngineImpl.java:281):281
	at railo.loader.servlet.CFMLServlet.service(CFMLServlet.java:32):32
	at javax.servlet.http.HttpServlet.service(HttpServlet.java:717):717
	at org.apache.catalina.core.ApplicationFilterChain.internalDoFilter(ApplicationFilterChain.java:290):290
	at org.apache.catalina.core.ApplicationFilterChain.doFilter(ApplicationFilterChain.java:206):206
	at org.apache.catalina.core.StandardWrapperValve.invoke(StandardWrapperValve.java:233):233
	at org.apache.catalina.core.StandardContextValve.invoke(StandardContextValve.java:191):191
	at org.apache.catalina.core.StandardHostValve.invoke(StandardHostValve.java:127):127
	at org.apache.catalina.valves.ErrorReportValve.invoke(ErrorReportValve.java:102):102
	at org.apache.catalina.core.StandardEngineValve.invoke(StandardEngineValve.java:109):109
	at org.apache.catalina.connector.CoyoteAdapter.service(CoyoteAdapter.java:298):298
	at org.apache.coyote.http11.Http11Processor.process(Http11Processor.java:859):859
	at org.apache.coyote.http11.Http11Protocol$Http11ConnectionHandler.process(Http11Protocol.java:588):588
	at org.apache.tomcat.util.net.JIoEndpoint$Worker.run(JIoEndpoint.java:489):489
	at java.lang.Thread.run(Unknown Source):-1
"
"ERROR","web-0","09/04/2011","11:40:12","","Component [com.user] has no acessible Member with name [USERNAME]
	at railo.runtime.ComponentImpl.get(ComponentImpl.java:1607):1607
	at railo.runtime.util.VariableUtilImpl.get(VariableUtilImpl.java:240):240
	at railo.runtime.PageContextImpl.get(PageContextImpl.java:1296):1296
	at com.login_cfc$cf.udfCall(/var/www/livewire-cms.com/com/login.cfc:9):9
	at railo.runtime.type.UDFImpl.implementation(UDFImpl.java:229):229
	at railo.runtime.type.UDFImpl._call(UDFImpl.java:433):433
	at railo.runtime.type.UDFImpl.call(UDFImpl.java:398):398
	at railo.runtime.ComponentImpl._call(ComponentImpl.java:571):571
	at railo.runtime.ComponentImpl._call(ComponentImpl.java:500):500
	at railo.runtime.ComponentImpl.call(ComponentImpl.java:1742):1742
	at railo.runtime.util.VariableUtilImpl.callFunctionWithoutNamedValues(VariableUtilImpl.java:733):733
	at railo.runtime.PageContextImpl.getFunction(PageContextImpl.java:1445):1445
	at login_cfm$cf.call(/var/www/livewire-cms.com/login.cfm:11):11
	at railo.runtime.PageContextImpl.doInclude(PageContextImpl.java:765):765
	at railo.runtime.listener.ClassicAppListener._onRequest(ClassicAppListener.java:35):35
	at railo.runtime.listener.MixedAppListener.onRequest(MixedAppListener.java:24):24
	at railo.runtime.PageContextImpl.execute(PageContextImpl.java:1980):1980
	at railo.runtime.engine.CFMLEngineImpl.serviceCFML(CFMLEngineImpl.java:281):281
	at railo.loader.servlet.CFMLServlet.service(CFMLServlet.java:32):32
	at javax.servlet.http.HttpServlet.service(HttpServlet.java:717):717
	at org.apache.catalina.core.ApplicationFilterChain.internalDoFilter(ApplicationFilterChain.java:290):290
	at org.apache.catalina.core.ApplicationFilterChain.doFilter(ApplicationFilterChain.java:206):206
	at org.apache.catalina.core.StandardWrapperValve.invoke(StandardWrapperValve.java:233):233
	at org.apache.catalina.core.StandardContextValve.invoke(StandardContextValve.java:191):191
	at org.apache.catalina.core.StandardHostValve.invoke(StandardHostValve.java:127):127
	at org.apache.catalina.valves.ErrorReportValve.invoke(ErrorReportValve.java:102):102
	at org.apache.catalina.core.StandardEngineValve.invoke(StandardEngineValve.java:109):109
	at org.apache.catalina.connector.CoyoteAdapter.service(CoyoteAdapter.java:298):298
	at org.apache.coyote.http11.Http11Processor.process(Http11Processor.java:859):859
	at org.apache.coyote.http11.Http11Protocol$Http11ConnectionHandler.process(Http11Protocol.java:588):588
	at org.apache.tomcat.util.net.JIoEndpoint$Worker.run(JIoEndpoint.java:489):489
	at java.lang.Thread.run(Unknown Source):-1
"
"ERROR","web-0","09/04/2011","11:40:58","","Component [com.user] has no acessible Member with name [USERNAME]
	at railo.runtime.ComponentImpl.get(ComponentImpl.java:1607):1607
	at railo.runtime.util.VariableUtilImpl.get(VariableUtilImpl.java:240):240
	at railo.runtime.PageContextImpl.get(PageContextImpl.java:1296):1296
	at com.login_cfc$cf.udfCall(/var/www/livewire-cms.com/com/login.cfc:9):9
	at railo.runtime.type.UDFImpl.implementation(UDFImpl.java:229):229
	at railo.runtime.type.UDFImpl._call(UDFImpl.java:433):433
	at railo.runtime.type.UDFImpl.call(UDFImpl.java:398):398
	at railo.runtime.ComponentImpl._call(ComponentImpl.java:571):571
	at railo.runtime.ComponentImpl._call(ComponentImpl.java:500):500
	at railo.runtime.ComponentImpl.call(ComponentImpl.java:1742):1742
	at railo.runtime.util.VariableUtilImpl.callFunctionWithoutNamedValues(VariableUtilImpl.java:733):733
	at railo.runtime.PageContextImpl.getFunction(PageContextImpl.java:1445):1445
	at login_cfm$cf.call(/var/www/livewire-cms.com/login.cfm:11):11
	at railo.runtime.PageContextImpl.doInclude(PageContextImpl.java:765):765
	at railo.runtime.listener.ClassicAppListener._onRequest(ClassicAppListener.java:35):35
	at railo.runtime.listener.MixedAppListener.onRequest(MixedAppListener.java:24):24
	at railo.runtime.PageContextImpl.execute(PageContextImpl.java:1980):1980
	at railo.runtime.engine.CFMLEngineImpl.serviceCFML(CFMLEngineImpl.java:281):281
	at railo.loader.servlet.CFMLServlet.service(CFMLServlet.java:32):32
	at javax.servlet.http.HttpServlet.service(HttpServlet.java:717):717
	at org.apache.catalina.core.ApplicationFilterChain.internalDoFilter(ApplicationFilterChain.java:290):290
	at org.apache.catalina.core.ApplicationFilterChain.doFilter(ApplicationFilterChain.java:206):206
	at org.apache.catalina.core.StandardWrapperValve.invoke(StandardWrapperValve.java:233):233
	at org.apache.catalina.core.StandardContextValve.invoke(StandardContextValve.java:191):191
	at org.apache.catalina.core.StandardHostValve.invoke(StandardHostValve.java:127):127
	at org.apache.catalina.valves.ErrorReportValve.invoke(ErrorReportValve.java:102):102
	at org.apache.catalina.core.StandardEngineValve.invoke(StandardEngineValve.java:109):109
	at org.apache.catalina.connector.CoyoteAdapter.service(CoyoteAdapter.java:298):298
	at org.apache.coyote.http11.Http11Processor.process(Http11Processor.java:859):859
	at org.apache.coyote.http11.Http11Protocol$Http11ConnectionHandler.process(Http11Protocol.java:588):588
	at org.apache.tomcat.util.net.JIoEndpoint$Worker.run(JIoEndpoint.java:489):489
	at java.lang.Thread.run(Unknown Source):-1
"
"ERROR","web-0","09/04/2011","11:41:37","","Component [com.user] has no acessible Member with name [INSTANCE]
	at railo.runtime.ComponentScopeShadow.get(ComponentScopeShadow.java:114):114
	at com.user_cfc$cf.udfCall(/var/www/livewire-cms.com/com/user.cfc:10):10
	at railo.runtime.type.UDFImpl.implementation(UDFImpl.java:229):229
	at railo.runtime.type.UDFImpl._call(UDFImpl.java:433):433
	at railo.runtime.type.UDFImpl.call(UDFImpl.java:398):398
	at railo.runtime.ComponentImpl._call(ComponentImpl.java:571):571
	at railo.runtime.ComponentImpl._call(ComponentImpl.java:500):500
	at railo.runtime.ComponentImpl.call(ComponentImpl.java:1742):1742
	at railo.runtime.util.VariableUtilImpl.callFunctionWithoutNamedValues(VariableUtilImpl.java:733):733
	at railo.runtime.PageContextImpl.getFunction(PageContextImpl.java:1445):1445
	at com.login_cfc$cf.udfCall(/var/www/livewire-cms.com/com/login.cfc:9):9
	at railo.runtime.type.UDFImpl.implementation(UDFImpl.java:229):229
	at railo.runtime.type.UDFImpl._call(UDFImpl.java:433):433
	at railo.runtime.type.UDFImpl.call(UDFImpl.java:398):398
	at railo.runtime.ComponentImpl._call(ComponentImpl.java:571):571
	at railo.runtime.ComponentImpl._call(ComponentImpl.java:500):500
	at railo.runtime.ComponentImpl.call(ComponentImpl.java:1742):1742
	at railo.runtime.util.VariableUtilImpl.callFunctionWithoutNamedValues(VariableUtilImpl.java:733):733
	at railo.runtime.PageContextImpl.getFunction(PageContextImpl.java:1445):1445
	at login_cfm$cf.call(/var/www/livewire-cms.com/login.cfm:11):11
	at railo.runtime.PageContextImpl.doInclude(PageContextImpl.java:765):765
	at railo.runtime.listener.ClassicAppListener._onRequest(ClassicAppListener.java:35):35
	at railo.runtime.listener.MixedAppListener.onRequest(MixedAppListener.java:24):24
	at railo.runtime.PageContextImpl.execute(PageContextImpl.java:1980):1980
	at railo.runtime.engine.CFMLEngineImpl.serviceCFML(CFMLEngineImpl.java:281):281
	at railo.loader.servlet.CFMLServlet.service(CFMLServlet.java:32):32
	at javax.servlet.http.HttpServlet.service(HttpServlet.java:717):717
	at org.apache.catalina.core.ApplicationFilterChain.internalDoFilter(ApplicationFilterChain.java:290):290
	at org.apache.catalina.core.ApplicationFilterChain.doFilter(ApplicationFilterChain.java:206):206
	at org.apache.catalina.core.StandardWrapperValve.invoke(StandardWrapperValve.java:233):233
	at org.apache.catalina.core.StandardContextValve.invoke(StandardContextValve.java:191):191
	at org.apache.catalina.core.StandardHostValve.invoke(StandardHostValve.java:127):127
	at org.apache.catalina.valves.ErrorReportValve.invoke(ErrorReportValve.java:102):102
	at org.apache.catalina.core.StandardEngineValve.invoke(StandardEngineValve.java:109):109
	at org.apache.catalina.connector.CoyoteAdapter.service(CoyoteAdapter.java:298):298
	at org.apache.coyote.http11.Http11Processor.process(Http11Processor.java:859):859
	at org.apache.coyote.http11.Http11Protocol$Http11ConnectionHandler.process(Http11Protocol.java:588):588
	at org.apache.tomcat.util.net.JIoEndpoint$Worker.run(JIoEndpoint.java:489):489
	at java.lang.Thread.run(Unknown Source):-1
"
"ERROR","web-0","09/04/2011","11:43:42","","Component [com.user] has no acessible Member with name [INSTANCE]
	at railo.runtime.ComponentScopeShadow.get(ComponentScopeShadow.java:114):114
	at com.user_cfc$cf.udfCall(/var/www/livewire-cms.com/com/user.cfc:10):10
	at railo.runtime.type.UDFImpl.implementation(UDFImpl.java:229):229
	at railo.runtime.type.UDFImpl._call(UDFImpl.java:433):433
	at railo.runtime.type.UDFImpl.call(UDFImpl.java:398):398
	at railo.runtime.ComponentImpl._call(ComponentImpl.java:571):571
	at railo.runtime.ComponentImpl._call(ComponentImpl.java:500):500
	at railo.runtime.ComponentImpl.call(ComponentImpl.java:1742):1742
	at railo.runtime.util.VariableUtilImpl.callFunctionWithoutNamedValues(VariableUtilImpl.java:733):733
	at railo.runtime.PageContextImpl.getFunction(PageContextImpl.java:1445):1445
	at com.login_cfc$cf.udfCall(/var/www/livewire-cms.com/com/login.cfc:9):9
	at railo.runtime.type.UDFImpl.implementation(UDFImpl.java:229):229
	at railo.runtime.type.UDFImpl._call(UDFImpl.java:433):433
	at railo.runtime.type.UDFImpl.call(UDFImpl.java:398):398
	at railo.runtime.ComponentImpl._call(ComponentImpl.java:571):571
	at railo.runtime.ComponentImpl._call(ComponentImpl.java:500):500
	at railo.runtime.ComponentImpl.call(ComponentImpl.java:1742):1742
	at railo.runtime.util.VariableUtilImpl.callFunctionWithoutNamedValues(VariableUtilImpl.java:733):733
	at railo.runtime.PageContextImpl.getFunction(PageContextImpl.java:1445):1445
	at login_cfm$cf.call(/var/www/livewire-cms.com/login.cfm:11):11
	at railo.runtime.PageContextImpl.doInclude(PageContextImpl.java:765):765
	at railo.runtime.listener.ClassicAppListener._onRequest(ClassicAppListener.java:35):35
	at railo.runtime.listener.MixedAppListener.onRequest(MixedAppListener.java:24):24
	at railo.runtime.PageContextImpl.execute(PageContextImpl.java:1980):1980
	at railo.runtime.engine.CFMLEngineImpl.serviceCFML(CFMLEngineImpl.java:281):281
	at railo.loader.servlet.CFMLServlet.service(CFMLServlet.java:32):32
	at javax.servlet.http.HttpServlet.service(HttpServlet.java:717):717
	at org.apache.catalina.core.ApplicationFilterChain.internalDoFilter(ApplicationFilterChain.java:290):290
	at org.apache.catalina.core.ApplicationFilterChain.doFilter(ApplicationFilterChain.java:206):206
	at org.apache.catalina.core.StandardWrapperValve.invoke(StandardWrapperValve.java:233):233
	at org.apache.catalina.core.StandardContextValve.invoke(StandardContextValve.java:191):191
	at org.apache.catalina.core.StandardHostValve.invoke(StandardHostValve.java:127):127
	at org.apache.catalina.valves.ErrorReportValve.invoke(ErrorReportValve.java:102):102
	at org.apache.catalina.core.StandardEngineValve.invoke(StandardEngineValve.java:109):109
	at org.apache.catalina.connector.CoyoteAdapter.service(CoyoteAdapter.java:298):298
	at org.apache.coyote.http11.Http11Processor.process(Http11Processor.java:859):859
	at org.apache.coyote.http11.Http11Protocol$Http11ConnectionHandler.process(Http11Protocol.java:588):588
	at org.apache.tomcat.util.net.JIoEndpoint$Worker.run(JIoEndpoint.java:489):489
	at java.lang.Thread.run(Unknown Source):-1
"
"ERROR","web-0","09/04/2011","11:44:37","","Component [com.user] has no acessible Member with name [INSTANCE]
	at railo.runtime.ComponentScopeShadow.get(ComponentScopeShadow.java:114):114
	at com.user_cfc$cf.udfCall(/var/www/livewire-cms.com/com/user.cfc:10):10
	at railo.runtime.type.UDFImpl.implementation(UDFImpl.java:229):229
	at railo.runtime.type.UDFImpl._call(UDFImpl.java:433):433
	at railo.runtime.type.UDFImpl.call(UDFImpl.java:398):398
	at railo.runtime.ComponentImpl._call(ComponentImpl.java:571):571
	at railo.runtime.ComponentImpl._call(ComponentImpl.java:500):500
	at railo.runtime.ComponentImpl.call(ComponentImpl.java:1742):1742
	at railo.runtime.util.VariableUtilImpl.callFunctionWithoutNamedValues(VariableUtilImpl.java:733):733
	at railo.runtime.PageContextImpl.getFunction(PageContextImpl.java:1445):1445
	at com.login_cfc$cf.udfCall(/var/www/livewire-cms.com/com/login.cfc:9):9
	at railo.runtime.type.UDFImpl.implementation(UDFImpl.java:229):229
	at railo.runtime.type.UDFImpl._call(UDFImpl.java:433):433
	at railo.runtime.type.UDFImpl.call(UDFImpl.java:398):398
	at railo.runtime.ComponentImpl._call(ComponentImpl.java:571):571
	at railo.runtime.ComponentImpl._call(ComponentImpl.java:500):500
	at railo.runtime.ComponentImpl.call(ComponentImpl.java:1742):1742
	at railo.runtime.util.VariableUtilImpl.callFunctionWithoutNamedValues(VariableUtilImpl.java:733):733
	at railo.runtime.PageContextImpl.getFunction(PageContextImpl.java:1445):1445
	at login_cfm$cf.call(/var/www/livewire-cms.com/login.cfm:11):11
	at railo.runtime.PageContextImpl.doInclude(PageContextImpl.java:765):765
	at railo.runtime.listener.ClassicAppListener._onRequest(ClassicAppListener.java:35):35
	at railo.runtime.listener.MixedAppListener.onRequest(MixedAppListener.java:24):24
	at railo.runtime.PageContextImpl.execute(PageContextImpl.java:1980):1980
	at railo.runtime.engine.CFMLEngineImpl.serviceCFML(CFMLEngineImpl.java:281):281
	at railo.loader.servlet.CFMLServlet.service(CFMLServlet.java:32):32
	at javax.servlet.http.HttpServlet.service(HttpServlet.java:717):717
	at org.apache.catalina.core.ApplicationFilterChain.internalDoFilter(ApplicationFilterChain.java:290):290
	at org.apache.catalina.core.ApplicationFilterChain.doFilter(ApplicationFilterChain.java:206):206
	at org.apache.catalina.core.StandardWrapperValve.invoke(StandardWrapperValve.java:233):233
	at org.apache.catalina.core.StandardContextValve.invoke(StandardContextValve.java:191):191
	at org.apache.catalina.core.StandardHostValve.invoke(StandardHostValve.java:127):127
	at org.apache.catalina.valves.ErrorReportValve.invoke(ErrorReportValve.java:102):102
	at org.apache.catalina.core.StandardEngineValve.invoke(StandardEngineValve.java:109):109
	at org.apache.catalina.connector.CoyoteAdapter.service(CoyoteAdapter.java:298):298
	at org.apache.coyote.http11.Http11Processor.process(Http11Processor.java:859):859
	at org.apache.coyote.http11.Http11Protocol$Http11ConnectionHandler.process(Http11Protocol.java:588):588
	at org.apache.tomcat.util.net.JIoEndpoint$Worker.run(JIoEndpoint.java:489):489
	at java.lang.Thread.run(Unknown Source):-1
"
"ERROR","web-0","09/10/2011","13:03:58","","there is no datasource with name [LiveWireCMSDSN
]
	at railo.runtime.tag.Admin.doGetDatasource(Admin.java:2966):2966
	at railo.runtime.tag.Admin._doStartTag(Admin.java:474):474
	at railo.runtime.tag.Admin.doStartTag(Admin.java:280):280
	at admin.services_datasource_create_cfm1334$cf.call(/Users/mic/Projects/Railo/Source2/railo/railo-cfml/railo-admin/admin/services.datasource.create.cfm:105):105
	at railo.runtime.PageContextImpl.doInclude(PageContextImpl.java:765):765
	at railo.runtime.PageContextImpl.doInclude(PageContextImpl.java:718):718
	at admin.services_datasource_cfm414$cf.call(/Users/mic/Projects/Railo/Source2/railo/railo-cfml/railo-admin/admin/services.datasource.cfm:78):78
	at railo.runtime.PageContextImpl.doInclude(PageContextImpl.java:765):765
	at railo.runtime.PageContextImpl.doInclude(PageContextImpl.java:718):718
	at admin.web_cfm$cf.call(/Users/mic/Projects/Railo/Source2/railo/railo-cfml/railo-admin/admin/web.cfm:242):242
	at railo.runtime.PageContextImpl.doInclude(PageContextImpl.java:765):765
	at railo.runtime.PageContextImpl.doInclude(PageContextImpl.java:718):718
	at admin.server_cfm$cf.call(/Users/mic/Projects/Railo/Source2/railo/railo-cfml/railo-admin/admin/server.cfm:2):2
	at railo.runtime.PageContextImpl.doInclude(PageContextImpl.java:765):765
	at railo.runtime.listener.ModernAppListener._onRequest(ModernAppListener.java:205):205
	at railo.runtime.listener.MixedAppListener.onRequest(MixedAppListener.java:23):23
	at railo.runtime.PageContextImpl.execute(PageContextImpl.java:1980):1980
	at railo.runtime.engine.CFMLEngineImpl.serviceCFML(CFMLEngineImpl.java:281):281
	at railo.loader.servlet.CFMLServlet.service(CFMLServlet.java:32):32
	at javax.servlet.http.HttpServlet.service(HttpServlet.java:717):717
	at org.apache.catalina.core.ApplicationFilterChain.internalDoFilter(ApplicationFilterChain.java:290):290
	at org.apache.catalina.core.ApplicationFilterChain.doFilter(ApplicationFilterChain.java:206):206
	at org.apache.catalina.core.StandardWrapperValve.invoke(StandardWrapperValve.java:233):233
	at org.apache.catalina.core.StandardContextValve.invoke(StandardContextValve.java:191):191
	at org.apache.catalina.core.StandardHostValve.invoke(StandardHostValve.java:127):127
	at org.apache.catalina.valves.ErrorReportValve.invoke(ErrorReportValve.java:102):102
	at org.apache.catalina.core.StandardEngineValve.invoke(StandardEngineValve.java:109):109
	at org.apache.catalina.connector.CoyoteAdapter.service(CoyoteAdapter.java:298):298
	at org.apache.coyote.http11.Http11Processor.process(Http11Processor.java:859):859
	at org.apache.coyote.http11.Http11Protocol$Http11ConnectionHandler.process(Http11Protocol.java:588):588
	at org.apache.tomcat.util.net.JIoEndpoint$Worker.run(JIoEndpoint.java:489):489
	at java.lang.Thread.run(Unknown Source):-1
"
"ERROR","web-0","09/10/2011","13:04:30","","there is no datasource with name [LiveWireCMSDSN
]
	at railo.runtime.tag.Admin.doGetDatasource(Admin.java:2966):2966
	at railo.runtime.tag.Admin._doStartTag(Admin.java:474):474
	at railo.runtime.tag.Admin.doStartTag(Admin.java:280):280
	at admin.services_datasource_create_cfm1334$cf.call(/Users/mic/Projects/Railo/Source2/railo/railo-cfml/railo-admin/admin/services.datasource.create.cfm:105):105
	at railo.runtime.PageContextImpl.doInclude(PageContextImpl.java:765):765
	at railo.runtime.PageContextImpl.doInclude(PageContextImpl.java:718):718
	at admin.services_datasource_cfm414$cf.call(/Users/mic/Projects/Railo/Source2/railo/railo-cfml/railo-admin/admin/services.datasource.cfm:78):78
	at railo.runtime.PageContextImpl.doInclude(PageContextImpl.java:765):765
	at railo.runtime.PageContextImpl.doInclude(PageContextImpl.java:718):718
	at admin.web_cfm$cf.call(/Users/mic/Projects/Railo/Source2/railo/railo-cfml/railo-admin/admin/web.cfm:242):242
	at railo.runtime.PageContextImpl.doInclude(PageContextImpl.java:765):765
	at railo.runtime.PageContextImpl.doInclude(PageContextImpl.java:718):718
	at admin.server_cfm$cf.call(/Users/mic/Projects/Railo/Source2/railo/railo-cfml/railo-admin/admin/server.cfm:2):2
	at railo.runtime.PageContextImpl.doInclude(PageContextImpl.java:765):765
	at railo.runtime.listener.ModernAppListener._onRequest(ModernAppListener.java:205):205
	at railo.runtime.listener.MixedAppListener.onRequest(MixedAppListener.java:23):23
	at railo.runtime.PageContextImpl.execute(PageContextImpl.java:1980):1980
	at railo.runtime.engine.CFMLEngineImpl.serviceCFML(CFMLEngineImpl.java:281):281
	at railo.loader.servlet.CFMLServlet.service(CFMLServlet.java:32):32
	at javax.servlet.http.HttpServlet.service(HttpServlet.java:717):717
	at org.apache.catalina.core.ApplicationFilterChain.internalDoFilter(ApplicationFilterChain.java:290):290
	at org.apache.catalina.core.ApplicationFilterChain.doFilter(ApplicationFilterChain.java:206):206
	at org.apache.catalina.core.StandardWrapperValve.invoke(StandardWrapperValve.java:233):233
	at org.apache.catalina.core.StandardContextValve.invoke(StandardContextValve.java:191):191
	at org.apache.catalina.core.StandardHostValve.invoke(StandardHostValve.java:127):127
	at org.apache.catalina.valves.ErrorReportValve.invoke(ErrorReportValve.java:102):102
	at org.apache.catalina.core.StandardEngineValve.invoke(StandardEngineValve.java:109):109
	at org.apache.catalina.connector.CoyoteAdapter.service(CoyoteAdapter.java:298):298
	at org.apache.coyote.http11.Http11Processor.process(Http11Processor.java:859):859
	at org.apache.coyote.http11.Http11Protocol$Http11ConnectionHandler.process(Http11Protocol.java:588):588
	at org.apache.tomcat.util.net.JIoEndpoint$Worker.run(JIoEndpoint.java:489):489
	at java.lang.Thread.run(Unknown Source):-1
"
"ERROR","web-0","09/10/2011","13:05:11","","there is no datasource with name [LiveWireCMSDSN
]
	at railo.runtime.tag.Admin.doGetDatasource(Admin.java:2966):2966
	at railo.runtime.tag.Admin._doStartTag(Admin.java:474):474
	at railo.runtime.tag.Admin.doStartTag(Admin.java:280):280
	at admin.services_datasource_create_cfm1334$cf.call(/Users/mic/Projects/Railo/Source2/railo/railo-cfml/railo-admin/admin/services.datasource.create.cfm:105):105
	at railo.runtime.PageContextImpl.doInclude(PageContextImpl.java:765):765
	at railo.runtime.PageContextImpl.doInclude(PageContextImpl.java:718):718
	at admin.services_datasource_cfm414$cf.call(/Users/mic/Projects/Railo/Source2/railo/railo-cfml/railo-admin/admin/services.datasource.cfm:78):78
	at railo.runtime.PageContextImpl.doInclude(PageContextImpl.java:765):765
	at railo.runtime.PageContextImpl.doInclude(PageContextImpl.java:718):718
	at admin.web_cfm$cf.call(/Users/mic/Projects/Railo/Source2/railo/railo-cfml/railo-admin/admin/web.cfm:242):242
	at railo.runtime.PageContextImpl.doInclude(PageContextImpl.java:765):765
	at railo.runtime.PageContextImpl.doInclude(PageContextImpl.java:718):718
	at admin.server_cfm$cf.call(/Users/mic/Projects/Railo/Source2/railo/railo-cfml/railo-admin/admin/server.cfm:2):2
	at railo.runtime.PageContextImpl.doInclude(PageContextImpl.java:765):765
	at railo.runtime.listener.ModernAppListener._onRequest(ModernAppListener.java:205):205
	at railo.runtime.listener.MixedAppListener.onRequest(MixedAppListener.java:23):23
	at railo.runtime.PageContextImpl.execute(PageContextImpl.java:1980):1980
	at railo.runtime.engine.CFMLEngineImpl.serviceCFML(CFMLEngineImpl.java:281):281
	at railo.loader.servlet.CFMLServlet.service(CFMLServlet.java:32):32
	at javax.servlet.http.HttpServlet.service(HttpServlet.java:717):717
	at org.apache.catalina.core.ApplicationFilterChain.internalDoFilter(ApplicationFilterChain.java:290):290
	at org.apache.catalina.core.ApplicationFilterChain.doFilter(ApplicationFilterChain.java:206):206
	at org.apache.catalina.core.StandardWrapperValve.invoke(StandardWrapperValve.java:233):233
	at org.apache.catalina.core.StandardContextValve.invoke(StandardContextValve.java:191):191
	at org.apache.catalina.core.StandardHostValve.invoke(StandardHostValve.java:127):127
	at org.apache.catalina.valves.ErrorReportValve.invoke(ErrorReportValve.java:102):102
	at org.apache.catalina.core.StandardEngineValve.invoke(StandardEngineValve.java:109):109
	at org.apache.catalina.connector.CoyoteAdapter.service(CoyoteAdapter.java:298):298
	at org.apache.coyote.http11.Http11Processor.process(Http11Processor.java:859):859
	at org.apache.coyote.http11.Http11Protocol$Http11ConnectionHandler.process(Http11Protocol.java:588):588
	at org.apache.tomcat.util.net.JIoEndpoint$Worker.run(JIoEndpoint.java:489):489
	at java.lang.Thread.run(Unknown Source):-1
"
